<?xml version="1.0" encoding="UTF-8"?>
<!-- Generated by org.testng.reporters.JUnitXMLReporter -->
<testsuite ignored="1" hostname="Vishal-ASUS" failures="2" tests="8" name="Submit Order Test" time="109.784" errors="0" timestamp="2024-07-18T08:48:54 IST">
  <testcase classname="qaClick.Tests.OrderPlacingTest" name="placeOrder" time="11.023"/>
  <testcase classname="qaClick.Tests.OrderPlacingTest" name="placeOrder" time="10.875"/>
  <testcase classname="qaClick.Tests.OrderPlacingTest" name="placeOrdertoRunWithJasondata" time="10.909">
    <skipped/>
  </testcase> <!-- placeOrdertoRunWithJasondata -->
  <testcase classname="qaClick.Tests.OrderPlacingTest" name="placeOrdertoRunWithJasondata" time="10.864">
    <skipped/>
  </testcase> <!-- placeOrdertoRunWithJasondata -->
  <testcase classname="qaClick.Tests.OrderPlacingTest" name="placeOrdertoRunWithJasondata" time="10.876">
    <failure type="java.lang.AssertionError" message="expected [true] but found [false]">
      <![CDATA[java.lang.AssertionError: expected [true] but found [false]
at qaClick.Tests.OrderPlacingTest.placeOrdertoRunWithJasondata(OrderPlacingTest.java:65)
at java.base/java.util.ArrayList.forEach(ArrayList.java:1511)
at java.base/java.util.concurrent.FutureTask.run(FutureTask.java:264)
at java.base/java.util.concurrent.ThreadPoolExecutor.runWorker(ThreadPoolExecutor.java:1136)
at java.base/java.util.concurrent.ThreadPoolExecutor$Worker.run(ThreadPoolExecutor.java:635)
at java.base/java.lang.Thread.run(Thread.java:833)
... Removed 21 stack frames]]>
    </failure>
  </testcase> <!-- placeOrdertoRunWithJasondata -->
  <testcase classname="qaClick.Tests.OrderPlacingTest" name="placeOrdertoRunWithJasondata" time="10.797">
    <skipped/>
  </testcase> <!-- placeOrdertoRunWithJasondata -->
  <testcase classname="qaClick.Tests.OrderPlacingTest" name="placeOrdertoRunWithJasondata" time="10.769">
    <skipped/>
  </testcase> <!-- placeOrdertoRunWithJasondata -->
  <testcase classname="qaClick.Tests.OrderPlacingTest" name="placeOrdertoRunWithJasondata" time="10.674">
    <failure type="java.lang.AssertionError" message="expected [true] but found [false]">
      <![CDATA[java.lang.AssertionError: expected [true] but found [false]
at qaClick.Tests.OrderPlacingTest.placeOrdertoRunWithJasondata(OrderPlacingTest.java:65)
at java.base/java.util.ArrayList.forEach(ArrayList.java:1511)
at java.base/java.util.concurrent.FutureTask.run(FutureTask.java:264)
at java.base/java.util.concurrent.ThreadPoolExecutor.runWorker(ThreadPoolExecutor.java:1136)
at java.base/java.util.concurrent.ThreadPoolExecutor$Worker.run(ThreadPoolExecutor.java:635)
at java.base/java.lang.Thread.run(Thread.java:833)
... Removed 21 stack frames]]>
    </failure>
  </testcase> <!-- placeOrdertoRunWithJasondata -->
  <testcase classname="qaClick.Tests.OrderPlacingTest" name="checkOrderPlacedTest" time="0.0">
    <ignored/>
  </testcase> <!-- checkOrderPlacedTest -->
</testsuite> <!-- Submit Order Test -->
